{
  "stats": {
    "suites": 2,
    "tests": 3,
    "passes": 3,
    "pending": 0,
    "failures": 0,
    "start": "2022-06-15T16:56:48.560Z",
    "end": "2022-06-15T16:57:38.949Z",
    "duration": 50389,
    "testsRegistered": 3,
    "passPercent": 100,
    "pendingPercent": 0,
    "other": 0,
    "hasOther": false,
    "skipped": 0,
    "hasSkipped": false
  },
  "results": [
    {
      "uuid": "bcba01ab-8f64-4ab3-b1c9-8884ae06815e",
      "title": "",
      "fullFile": "",
      "file": "",
      "beforeHooks": [],
      "afterHooks": [],
      "tests": [],
      "suites": [
        {
          "uuid": "4435c04e-e30f-4249-9434-f52c61e7dfa1",
          "title": "Navigate to docfliq.com, without login",
          "fullFile": "G:\\Personal Project\\Testing\\firstTime\\test\\firstTest.js",
          "file": "\\test\\firstTest.js",
          "beforeHooks": [],
          "afterHooks": [],
          "tests": [
            {
              "title": "first channel should be msd channel ",
              "fullTitle": "Navigate to docfliq.com, without login first channel should be msd channel ",
              "timedOut": null,
              "duration": 40750,
              "state": "passed",
              "speed": "slow",
              "pass": true,
              "fail": false,
              "pending": false,
              "context": null,
              "code": "// launch the browser\nlet driver = await new Builder().forBrowser('MicrosoftEdge').build();\n// navigate to application\nawait driver.get('https://docfliq.com')\n// click on get to goal\nawait driver.findElement(By.xpath('//*[@id=\"preLogin\"]/div[4]/div/a'))\nconst channelName = await driver.findElement(By.xpath('//*[@id=\"preLogin\"]/div[4]/div/a')).getText();\n//assert using chai\nchannelName.should.equal('Get to Goal with Incretins');\n// close the browser\nawait driver.quit();",
              "err": {},
              "uuid": "366ed0aa-0a97-4f54-a748-2cbd229a832d",
              "parentUUID": null,
              "isHook": false,
              "skipped": false
            }
          ],
          "suites": [],
          "passes": [
            "366ed0aa-0a97-4f54-a748-2cbd229a832d"
          ],
          "failures": [],
          "pending": [],
          "skipped": [],
          "duration": 40750,
          "root": false,
          "rootEmpty": false,
          "_timeout": null
        },
        {
          "uuid": "f8a064f6-d55e-455c-91f6-63d4313ee523",
          "title": "Navigate to docfliq, without login",
          "fullFile": "G:\\Personal Project\\Testing\\firstTime\\test\\secondTest.js",
          "file": "\\test\\secondTest.js",
          "beforeHooks": [],
          "afterHooks": [],
          "tests": [
            {
              "title": "navigate to channels page",
              "fullTitle": "Navigate to docfliq, without login navigate to channels page",
              "timedOut": null,
              "duration": 37934,
              "state": "passed",
              "speed": "slow",
              "pass": true,
              "fail": false,
              "pending": false,
              "context": null,
              "code": "// launch the browser\nlet driver = await new Builder().forBrowser('MicrosoftEdge').build();\n// navigate to application\nawait driver.get('https://docfliq.com/channels')\n\n// close the browser\nawait driver.quit();",
              "err": {},
              "uuid": "91ef91db-493c-459a-8a35-3c2c60eaa645",
              "parentUUID": null,
              "isHook": false,
              "skipped": false
            },
            {
              "title": "navigate to terms and condition page",
              "fullTitle": "Navigate to docfliq, without login navigate to terms and condition page",
              "timedOut": null,
              "duration": 11700,
              "state": "passed",
              "speed": "slow",
              "pass": true,
              "fail": false,
              "pending": false,
              "context": null,
              "code": "// launch the browser\nlet driver = await new Builder().forBrowser('MicrosoftEdge').build();\n// navigate to application\nawait driver.get('https://docfliq.com/terms')\n\n// close the browser\nawait driver.quit();",
              "err": {},
              "uuid": "473db2e1-d6c9-4461-a812-72cb1a326a2c",
              "parentUUID": null,
              "isHook": false,
              "skipped": false
            }
          ],
          "suites": [],
          "passes": [
            "91ef91db-493c-459a-8a35-3c2c60eaa645",
            "473db2e1-d6c9-4461-a812-72cb1a326a2c"
          ],
          "failures": [],
          "pending": [],
          "skipped": [],
          "duration": 49634,
          "root": false,
          "rootEmpty": false,
          "_timeout": null
        }
      ],
      "passes": [],
      "failures": [],
      "pending": [],
      "skipped": [],
      "duration": 0,
      "root": true,
      "rootEmpty": true,
      "_timeout": 0
    }
  ],
  "meta": {
    "mocha": {
      "version": "10.0.0"
    },
    "mochawesome": {
      "options": {
        "quiet": false,
        "reportFilename": "report",
        "saveHtml": true,
        "saveJson": true,
        "consoleReporter": "spec",
        "useInlineDiffs": false,
        "code": true
      },
      "version": "7.1.3"
    },
    "marge": {
      "options": {
        "reportFilename": "report"
      },
      "version": "6.2.0"
    }
  }
}